2023/07/12 15:29:29 [notice] 1#1: using the "epoll" event method
2023/07/12 15:29:29 [notice] 1#1: nginx/1.24.0
2023/07/12 15:29:29 [notice] 1#1: built by gcc 12.2.1 20220924 (Alpine 12.2.1_git20220924-r4) 
2023/07/12 15:29:29 [notice] 1#1: OS: Linux 5.15.49-linuxkit-pr
2023/07/12 15:29:29 [notice] 1#1: getrlimit(RLIMIT_NOFILE): 1048576:1048576
2023/07/12 15:29:29 [notice] 1#1: start worker processes
2023/07/12 15:29:29 [notice] 1#1: start worker process 29
2023/07/12 15:29:29 [notice] 1#1: start worker process 30
2023/07/12 15:29:29 [notice] 1#1: start worker process 31
2023/07/12 15:29:29 [notice] 1#1: start worker process 32
2023/07/15 07:13:58 [emerg] 1#1: host not found in upstream "php" in /etc/nginx/conf.d/default.conf:16
2023/07/15 07:14:55 [emerg] 1#1: host not found in upstream "php" in /etc/nginx/conf.d/default.conf:16
2023/07/15 07:15:21 [emerg] 1#1: host not found in upstream "php" in /etc/nginx/conf.d/default.conf:16
2023/07/15 07:15:35 [emerg] 1#1: host not found in upstream "php" in /etc/nginx/conf.d/default.conf:16
2023/07/15 07:15:39 [emerg] 1#1: host not found in upstream "php" in /etc/nginx/conf.d/default.conf:16
2023/07/15 07:16:40 [emerg] 1#1: host not found in upstream "php" in /etc/nginx/conf.d/default.conf:16
2023/07/15 07:17:20 [emerg] 1#1: host not found in upstream "php" in /etc/nginx/conf.d/default.conf:16
2023/07/15 07:18:19 [emerg] 1#1: host not found in upstream "php" in /etc/nginx/conf.d/default.conf:16
2023/07/15 07:36:19 [emerg] 1#1: host not found in upstream "php" in /etc/nginx/conf.d/default.conf:16
2023/07/15 07:38:23 [emerg] 1#1: host not found in upstream "php" in /etc/nginx/conf.d/default.conf:16
2023/07/15 07:40:27 [emerg] 1#1: host not found in upstream "php" in /etc/nginx/conf.d/default.conf:16
2023/07/15 07:41:49 [notice] 1#1: using the "epoll" event method
2023/07/15 07:41:49 [notice] 1#1: nginx/1.24.0
2023/07/15 07:41:49 [notice] 1#1: built by gcc 12.2.1 20220924 (Alpine 12.2.1_git20220924-r4) 
2023/07/15 07:41:49 [notice] 1#1: OS: Linux 5.15.49-linuxkit-pr
2023/07/15 07:41:49 [notice] 1#1: getrlimit(RLIMIT_NOFILE): 1048576:1048576
2023/07/15 07:41:49 [notice] 1#1: start worker processes
2023/07/15 07:41:49 [notice] 1#1: start worker process 29
2023/07/15 07:41:49 [notice] 1#1: start worker process 30
2023/07/15 07:41:49 [notice] 1#1: start worker process 31
2023/07/15 07:41:49 [notice] 1#1: start worker process 32
2023/07/15 08:22:50 [notice] 1#1: signal 3 (SIGQUIT) received, shutting down
2023/07/15 08:22:50 [notice] 32#32: gracefully shutting down
2023/07/15 08:22:50 [notice] 32#32: exiting
2023/07/15 08:22:50 [notice] 30#30: gracefully shutting down
2023/07/15 08:22:50 [notice] 29#29: gracefully shutting down
2023/07/15 08:22:50 [notice] 31#31: gracefully shutting down
2023/07/15 08:22:50 [notice] 31#31: exiting
2023/07/15 08:22:50 [notice] 32#32: exit
2023/07/15 08:22:50 [notice] 30#30: exiting
2023/07/15 08:22:50 [notice] 30#30: exit
2023/07/15 08:22:50 [notice] 31#31: exit
2023/07/15 08:22:50 [notice] 1#1: signal 17 (SIGCHLD) received from 30
2023/07/15 08:22:50 [notice] 1#1: worker process 30 exited with code 0
2023/07/15 08:22:50 [notice] 1#1: signal 29 (SIGIO) received
2023/07/15 08:22:50 [notice] 1#1: signal 17 (SIGCHLD) received from 31
2023/07/15 08:22:50 [notice] 1#1: worker process 31 exited with code 0
2023/07/15 08:22:50 [notice] 1#1: worker process 32 exited with code 0
2023/07/15 08:22:50 [notice] 1#1: signal 29 (SIGIO) received
2023/07/15 08:22:50 [notice] 1#1: signal 17 (SIGCHLD) received from 32
2023/07/15 08:23:45 [notice] 1#1: using the "epoll" event method
2023/07/15 08:23:45 [notice] 1#1: nginx/1.24.0
2023/07/15 08:23:45 [notice] 1#1: built by gcc 12.2.1 20220924 (Alpine 12.2.1_git20220924-r4) 
2023/07/15 08:23:45 [notice] 1#1: OS: Linux 5.15.49-linuxkit-pr
2023/07/15 08:23:45 [notice] 1#1: getrlimit(RLIMIT_NOFILE): 1048576:1048576
2023/07/15 08:23:45 [notice] 1#1: start worker processes
2023/07/15 08:23:45 [notice] 1#1: start worker process 28
2023/07/15 08:23:45 [notice] 1#1: start worker process 29
2023/07/15 08:23:45 [notice] 1#1: start worker process 30
2023/07/15 08:23:45 [notice] 1#1: start worker process 31
